<?xml version="1.0" encoding="UTF-8"?>
<!-- Generated by org.testng.reporters.JUnitReportReporter -->
<testsuite hostname="DESKTOP-BBHQ9GM" failures="0" tests="1" name="Test2" time="14.913" errors="0" timestamp="2025-04-28T00:09:53 EET" skipped="0">
  <testcase classname="Test2" name="addOneRandomItem" time="14.913"/>
</testsuite> <!-- Test2 -->
